[0m10:53:59.372899 [debug] [MainThread]: Sending event: {'category': 'dbt', 'action': 'invocation', 'label': 'start', 'context': [<snowplow_tracker.self_describing_json.SelfDescribingJson object at 0x0000014271FBC7F0>, <snowplow_tracker.self_describing_json.SelfDescribingJson object at 0x000001427495E800>, <snowplow_tracker.self_describing_json.SelfDescribingJson object at 0x000001427495E620>]}


============================== 10:53:59.398301 | 53d45390-bb6e-40a8-9635-d8acc92a185c ==============================
[0m10:53:59.398301 [info ] [MainThread]: Running with dbt=1.7.17
[0m10:53:59.399303 [debug] [MainThread]: running dbt with arguments {'printer_width': '80', 'indirect_selection': 'eager', 'log_cache_events': 'False', 'write_json': 'True', 'partial_parse': 'True', 'cache_selected_only': 'False', 'warn_error': 'None', 'version_check': 'True', 'profiles_dir': 'C:\\Users\\hrishikesh ekbote\\.dbt', 'log_path': 'logs', 'debug': 'False', 'fail_fast': 'False', 'use_colors': 'True', 'use_experimental_parser': 'False', 'no_print': 'None', 'quiet': 'False', 'warn_error_options': 'WarnErrorOptions(include=[], exclude=[])', 'introspect': 'True', 'static_parser': 'True', 'log_format': 'default', 'target_path': 'None', 'invocation_command': 'dbt init', 'send_anonymous_usage_stats': 'True'}
[0m10:54:26.178201 [debug] [MainThread]: Starter project path: c:\Users\hrishikesh ekbote\project\DBT\.venv\lib\site-packages\dbt\include\starter_project
[0m10:54:26.236040 [info ] [MainThread]: 
Your new dbt project "dbt_project_demo" was created!

For more information on how to configure the profiles.yml file,
please consult the dbt documentation here:

  https://docs.getdbt.com/docs/configure-your-profile

One more thing:

Need help? Don't hesitate to reach out to us via GitHub issues or on Slack:

  https://community.getdbt.com/

Happy modeling!

[0m10:54:26.236040 [info ] [MainThread]: Setting up your profile.
[0m10:56:05.129792 [info ] [MainThread]: Profile dbt_project_demo written to C:\Users\hrishikesh ekbote\.dbt\profiles.yml using target's profile_template.yml and your supplied values. Run 'dbt debug' to validate the connection.
[0m10:56:05.133371 [debug] [MainThread]: Command `dbt init` succeeded at 10:56:05.133371 after 125.86 seconds
[0m10:56:05.134382 [debug] [MainThread]: Sending event: {'category': 'dbt', 'action': 'invocation', 'label': 'end', 'context': [<snowplow_tracker.self_describing_json.SelfDescribingJson object at 0x0000014271FBC7F0>, <snowplow_tracker.self_describing_json.SelfDescribingJson object at 0x000001427495DB70>, <snowplow_tracker.self_describing_json.SelfDescribingJson object at 0x000001427495F2E0>]}
[0m10:56:05.135382 [debug] [MainThread]: Flushing usage events
[0m11:44:12.820455 [debug] [MainThread]: Sending event: {'category': 'dbt', 'action': 'invocation', 'label': 'start', 'context': [<snowplow_tracker.self_describing_json.SelfDescribingJson object at 0x000001EA49ABE6E0>, <snowplow_tracker.self_describing_json.SelfDescribingJson object at 0x000001EA4C35E7D0>, <snowplow_tracker.self_describing_json.SelfDescribingJson object at 0x000001EA4C35E5F0>]}


============================== 11:44:12.820455 | 0ead2060-6db4-46e3-b7af-768ee1d9d643 ==============================
[0m11:44:12.820455 [info ] [MainThread]: Running with dbt=1.7.17
[0m11:44:12.820455 [debug] [MainThread]: running dbt with arguments {'printer_width': '80', 'indirect_selection': 'eager', 'log_cache_events': 'False', 'write_json': 'True', 'partial_parse': 'True', 'cache_selected_only': 'False', 'warn_error': 'None', 'version_check': 'True', 'fail_fast': 'False', 'log_path': 'logs', 'debug': 'False', 'profiles_dir': 'C:\\Users\\hrishikesh ekbote\\.dbt', 'use_colors': 'True', 'use_experimental_parser': 'False', 'no_print': 'None', 'quiet': 'False', 'warn_error_options': 'WarnErrorOptions(include=[], exclude=[])', 'static_parser': 'True', 'invocation_command': 'dbt debug', 'introspect': 'True', 'target_path': 'None', 'log_format': 'default', 'send_anonymous_usage_stats': 'True'}
[0m11:44:12.820455 [info ] [MainThread]: dbt version: 1.7.17
[0m11:44:12.820455 [info ] [MainThread]: python version: 3.10.11
[0m11:44:12.820455 [info ] [MainThread]: python path: c:\Users\hrishikesh ekbote\project\DBT\.venv\Scripts\python.exe
[0m11:44:12.820455 [info ] [MainThread]: os info: Windows-10-10.0.22631-SP0
[0m11:44:13.135455 [info ] [MainThread]: Using profiles dir at C:\Users\hrishikesh ekbote\.dbt
[0m11:44:13.150464 [info ] [MainThread]: Using profiles.yml file at C:\Users\hrishikesh ekbote\.dbt\profiles.yml
[0m11:44:13.152137 [info ] [MainThread]: Using dbt_project.yml file at C:\Users\hrishikesh ekbote\project\DBT\dbt_project.yml
[0m11:44:13.152137 [info ] [MainThread]: adapter type: snowflake
[0m11:44:13.152137 [info ] [MainThread]: adapter version: 1.7.0
[0m11:44:13.156313 [info ] [MainThread]: Configuration:
[0m11:44:13.157270 [info ] [MainThread]:   profiles.yml file [[32mOK found and valid[0m]
[0m11:44:13.158282 [info ] [MainThread]:   dbt_project.yml file [[31mERROR not found[0m]
[0m11:44:13.159280 [info ] [MainThread]: Required dependencies:
[0m11:44:13.160293 [debug] [MainThread]: Executing "git --help"
[0m11:44:13.204648 [debug] [MainThread]: STDOUT: "b"usage: git [-v | --version] [-h | --help] [-C <path>] [-c <name>=<value>]\n           [--exec-path[=<path>]] [--html-path] [--man-path] [--info-path]\n           [-p | --paginate | -P | --no-pager] [--no-replace-objects] [--bare]\n           [--git-dir=<path>] [--work-tree=<path>] [--namespace=<name>]\n           [--config-env=<name>=<envvar>] <command> [<args>]\n\nThese are common Git commands used in various situations:\n\nstart a working area (see also: git help tutorial)\n   clone     Clone a repository into a new directory\n   init      Create an empty Git repository or reinitialize an existing one\n\nwork on the current change (see also: git help everyday)\n   add       Add file contents to the index\n   mv        Move or rename a file, a directory, or a symlink\n   restore   Restore working tree files\n   rm        Remove files from the working tree and from the index\n\nexamine the history and state (see also: git help revisions)\n   bisect    Use binary search to find the commit that introduced a bug\n   diff      Show changes between commits, commit and working tree, etc\n   grep      Print lines matching a pattern\n   log       Show commit logs\n   show      Show various types of objects\n   status    Show the working tree status\n\ngrow, mark and tweak your common history\n   branch    List, create, or delete branches\n   commit    Record changes to the repository\n   merge     Join two or more development histories together\n   rebase    Reapply commits on top of another base tip\n   reset     Reset current HEAD to the specified state\n   switch    Switch branches\n   tag       Create, list, delete or verify a tag object signed with GPG\n\ncollaborate (see also: git help workflows)\n   fetch     Download objects and refs from another repository\n   pull      Fetch from and integrate with another repository or a local branch\n   push      Update remote refs along with associated objects\n\n'git help -a' and 'git help -g' list available subcommands and some\nconcept guides. See 'git help <command>' or 'git help <concept>'\nto read about a specific subcommand or concept.\nSee 'git help git' for an overview of the system.\n""
[0m11:44:13.204648 [debug] [MainThread]: STDERR: "b''"
[0m11:44:13.204648 [info ] [MainThread]:  - git [[32mOK found[0m]

[0m11:44:13.204648 [info ] [MainThread]: Connection:
[0m11:44:13.204648 [info ] [MainThread]:   account: oapfqqa-tt06249
[0m11:44:13.204648 [info ] [MainThread]:   user: HRISHI1727
[0m11:44:13.204648 [info ] [MainThread]:   database: RAW
[0m11:44:13.217966 [info ] [MainThread]:   warehouse: COMPUTE_WH
[0m11:44:13.219977 [info ] [MainThread]:   role: ACCOUNTADMIN
[0m11:44:13.222425 [info ] [MainThread]:   schema: RAW_STAGING
[0m11:44:13.224777 [info ] [MainThread]:   authenticator: None
[0m11:44:13.227009 [info ] [MainThread]:   private_key_path: None
[0m11:44:13.227903 [info ] [MainThread]:   token: None
[0m11:44:13.228911 [info ] [MainThread]:   oauth_client_id: None
[0m11:44:13.228911 [info ] [MainThread]:   query_tag: None
[0m11:44:13.228911 [info ] [MainThread]:   client_session_keep_alive: False
[0m11:44:13.228911 [info ] [MainThread]:   host: None
[0m11:44:13.228911 [info ] [MainThread]:   port: None
[0m11:44:13.233574 [info ] [MainThread]:   proxy_host: None
[0m11:44:13.234590 [info ] [MainThread]:   proxy_port: None
[0m11:44:13.236621 [info ] [MainThread]:   protocol: None
[0m11:44:13.237595 [info ] [MainThread]:   connect_retries: 1
[0m11:44:13.239583 [info ] [MainThread]:   connect_timeout: None
[0m11:44:13.240582 [info ] [MainThread]:   retry_on_database_errors: False
[0m11:44:13.241585 [info ] [MainThread]:   retry_all: False
[0m11:44:13.244641 [info ] [MainThread]:   insecure_mode: False
[0m11:44:13.246822 [info ] [MainThread]:   reuse_connections: None
[0m11:44:13.249215 [info ] [MainThread]: Registered adapter: snowflake=1.7.0
[0m11:44:13.249215 [debug] [MainThread]: Acquiring new snowflake connection 'debug'
[0m11:44:13.253319 [debug] [MainThread]: Using snowflake connection "debug"
[0m11:44:13.254316 [debug] [MainThread]: On debug: select 1 as id
[0m11:44:13.255319 [debug] [MainThread]: Opening a new connection, currently in state init
[0m11:44:14.122415 [debug] [MainThread]: SQL status: SUCCESS 1 in 1.0 seconds
[0m11:44:14.122415 [debug] [MainThread]: On debug: Close
[0m11:44:14.205717 [info ] [MainThread]:   Connection test: [[32mOK connection ok[0m]

[0m11:44:14.205717 [info ] [MainThread]: [31m1 check failed:[0m
[0m11:44:14.205717 [info ] [MainThread]: Project loading failed for the following reason:
 project path <C:\Users\hrishikesh ekbote\project\DBT\dbt_project.yml> not found

[0m11:44:14.205717 [debug] [MainThread]: Command `dbt debug` failed at 11:44:14.205717 after 1.61 seconds
[0m11:44:14.205717 [debug] [MainThread]: Connection 'debug' was properly closed.
[0m11:44:14.205717 [debug] [MainThread]: Sending event: {'category': 'dbt', 'action': 'invocation', 'label': 'end', 'context': [<snowplow_tracker.self_describing_json.SelfDescribingJson object at 0x000001EA49ABE6E0>, <snowplow_tracker.self_describing_json.SelfDescribingJson object at 0x000001EA4CE24730>, <snowplow_tracker.self_describing_json.SelfDescribingJson object at 0x000001EA4CE255D0>]}
[0m11:44:14.218521 [debug] [MainThread]: Flushing usage events
